<?xml version="1.0" encoding="UTF-8"?>
<testsuite xmlns:xsi="http://www.w3.org/2001/XMLSchema-instance" xsi:noNamespaceSchemaLocation="https://maven.apache.org/surefire/maven-surefire-plugin/xsd/surefire-test-report.xsd" name="posmy.interview.boot.ApplicationTests" time="44.441" tests="1" errors="0" skipped="0" failures="1">
  <properties>
[...]
</properties>
  <testcase name="contextLoads" classname="posmy.interview.boot.ApplicationTests" time="1.725">
    <failure message="Status expected:&lt;401&gt; but was:&lt;404&gt;" type="java.lang.AssertionError"><![CDATA[java.lang.AssertionError: Status expected:<401> but was:<404>
	at posmy.interview.boot.ApplicationTests.contextLoads(ApplicationTests.java:34)
]]></failure>
    <system-out><![CDATA[23:45:37.555 [main] DEBUG org.springframework.test.context.BootstrapUtils - Instantiating CacheAwareContextLoaderDelegate from class [org.springframework.test.context.cache.DefaultCacheAwareContextLoaderDelegate]
23:45:37.720 [main] DEBUG org.springframework.test.context.BootstrapUtils - Instantiating BootstrapContext using constructor [public org.springframework.test.context.support.DefaultBootstrapContext(java.lang.Class,org.springframework.test.context.CacheAwareContextLoaderDelegate)]
23:45:38.122 [main] DEBUG org.springframework.test.context.BootstrapUtils - Instantiating TestContextBootstrapper for test class [posmy.interview.boot.ApplicationTests] from class [org.springframework.boot.test.context.SpringBootTestContextBootstrapper]
23:45:38.400 [main] INFO org.springframework.boot.test.context.SpringBootTestContextBootstrapper - Neither @ContextConfiguration nor @ContextHierarchy found for test class [posmy.interview.boot.ApplicationTests], using SpringBootContextLoader
23:45:38.516 [main] DEBUG org.springframework.test.context.support.AbstractContextLoader - Did not detect default resource location for test class [posmy.interview.boot.ApplicationTests]: class path resource [posmy/interview/boot/ApplicationTests-context.xml] does not exist
23:45:38.571 [main] DEBUG org.springframework.test.context.support.AbstractContextLoader - Did not detect default resource location for test class [posmy.interview.boot.ApplicationTests]: class path resource [posmy/interview/boot/ApplicationTestsContext.groovy] does not exist
23:45:38.615 [main] INFO org.springframework.test.context.support.AbstractContextLoader - Could not detect default resource locations for test class [posmy.interview.boot.ApplicationTests]: no resource found for suffixes {-context.xml, Context.groovy}.
23:45:38.642 [main] INFO org.springframework.test.context.support.AnnotationConfigContextLoaderUtils - Could not detect default configuration classes for test class [posmy.interview.boot.ApplicationTests]: ApplicationTests does not declare any static, non-private, non-final, nested classes annotated with @Configuration.
23:45:39.410 [main] DEBUG org.springframework.test.context.support.ActiveProfilesUtils - Could not find an 'annotation declaring class' for annotation type [org.springframework.test.context.ActiveProfiles] and class [posmy.interview.boot.ApplicationTests]
23:45:40.258 [main] DEBUG org.springframework.context.annotation.ClassPathScanningCandidateComponentProvider - Identified candidate component class: file [D:\boot-rest-api-interview-master\boot-rest-api-interview-master\target\classes\posmy\interview\boot\Application.class]
23:45:40.266 [main] INFO org.springframework.boot.test.context.SpringBootTestContextBootstrapper - Found @SpringBootConfiguration posmy.interview.boot.Application for test class posmy.interview.boot.ApplicationTests
23:45:41.713 [main] DEBUG org.springframework.boot.test.context.SpringBootTestContextBootstrapper - @TestExecutionListeners is not present for class [posmy.interview.boot.ApplicationTests]: using defaults.
23:45:41.715 [main] INFO org.springframework.boot.test.context.SpringBootTestContextBootstrapper - Loaded default TestExecutionListener class names from location [META-INF/spring.factories]: [org.springframework.boot.test.mock.mockito.MockitoTestExecutionListener, org.springframework.boot.test.mock.mockito.ResetMocksTestExecutionListener, org.springframework.boot.test.autoconfigure.restdocs.RestDocsTestExecutionListener, org.springframework.boot.test.autoconfigure.web.client.MockRestServiceServerResetTestExecutionListener, org.springframework.boot.test.autoconfigure.web.servlet.MockMvcPrintOnlyOnFailureTestExecutionListener, org.springframework.boot.test.autoconfigure.web.servlet.WebDriverTestExecutionListener, org.springframework.boot.test.autoconfigure.webservices.client.MockWebServiceServerTestExecutionListener, org.springframework.test.context.web.ServletTestExecutionListener, org.springframework.test.context.support.DirtiesContextBeforeModesTestExecutionListener, org.springframework.test.context.event.ApplicationEventsTestExecutionListener, org.springframework.test.context.support.DependencyInjectionTestExecutionListener, org.springframework.test.context.support.DirtiesContextTestExecutionListener, org.springframework.test.context.transaction.TransactionalTestExecutionListener, org.springframework.test.context.jdbc.SqlScriptsTestExecutionListener, org.springframework.test.context.event.EventPublishingTestExecutionListener, org.springframework.security.test.context.support.WithSecurityContextTestExecutionListener, org.springframework.security.test.context.support.ReactorContextTestExecutionListener]
23:45:42.084 [main] INFO org.springframework.boot.test.context.SpringBootTestContextBootstrapper - Using TestExecutionListeners: [org.springframework.test.context.web.ServletTestExecutionListener@68217d41, org.springframework.test.context.support.DirtiesContextBeforeModesTestExecutionListener@1ac45389, org.springframework.test.context.event.ApplicationEventsTestExecutionListener@3e5d4f6b, org.springframework.boot.test.mock.mockito.MockitoTestExecutionListener@39c1fe0b, org.springframework.boot.test.autoconfigure.SpringBootDependencyInjectionTestExecutionListener@5ae95707, org.springframework.test.context.support.DirtiesContextTestExecutionListener@62891fc8, org.springframework.test.context.transaction.TransactionalTestExecutionListener@367b22e5, org.springframework.test.context.jdbc.SqlScriptsTestExecutionListener@fca387, org.springframework.test.context.event.EventPublishingTestExecutionListener@10bd9df0, org.springframework.security.test.context.support.WithSecurityContextTestExecutionListener@3ae0b770, org.springframework.security.test.context.support.ReactorContextTestExecutionListener@55e3d6c3, org.springframework.boot.test.mock.mockito.ResetMocksTestExecutionListener@30e6a763, org.springframework.boot.test.autoconfigure.restdocs.RestDocsTestExecutionListener@4c48fe92, org.springframework.boot.test.autoconfigure.web.client.MockRestServiceServerResetTestExecutionListener@732c9b5c, org.springframework.boot.test.autoconfigure.web.servlet.MockMvcPrintOnlyOnFailureTestExecutionListener@38320e34, org.springframework.boot.test.autoconfigure.web.servlet.WebDriverTestExecutionListener@3d6a6bee, org.springframework.boot.test.autoconfigure.webservices.client.MockWebServiceServerTestExecutionListener@36ddaebf]
23:45:42.138 [main] DEBUG org.springframework.test.context.support.AbstractDirtiesContextTestExecutionListener - Before test class: context [DefaultTestContext@1c758545 testClass = ApplicationTests, testInstance = [null], testMethod = [null], testException = [null], mergedContextConfiguration = [WebMergedContextConfiguration@117bcfdc testClass = ApplicationTests, locations = '{}', classes = '{class posmy.interview.boot.Application}', contextInitializerClasses = '[]', activeProfiles = '{}', propertySourceLocations = '{}', propertySourceProperties = '{org.springframework.boot.test.context.SpringBootTestContextBootstrapper=true}', contextCustomizers = set[org.springframework.boot.test.context.filter.ExcludeFilterContextCustomizer@2c4ca0f9, org.springframework.boot.test.json.DuplicateJsonObjectContextCustomizerFactory$DuplicateJsonObjectContextCustomizer@2755d705, org.springframework.boot.test.mock.mockito.MockitoContextCustomizer@0, org.springframework.boot.test.web.client.TestRestTemplateContextCustomizer@5003041b, org.springframework.boot.test.autoconfigure.actuate.metrics.MetricsExportContextCustomizerFactory$DisableMetricExportContextCustomizer@64f857e7, org.springframework.boot.test.autoconfigure.properties.PropertyMappingContextCustomizer@0, org.springframework.boot.test.autoconfigure.web.servlet.WebDriverContextCustomizerFactory$Customizer@7889a1ac, org.springframework.boot.test.context.SpringBootTestArgs@1, org.springframework.boot.test.context.SpringBootTestWebEnvironment@186f8716], resourceBasePath = 'src/main/webapp', contextLoader = 'org.springframework.boot.test.context.SpringBootContextLoader', parent = [null]], attributes = map['org.springframework.test.context.web.ServletTestExecutionListener.activateListener' -> true]], class annotated with @DirtiesContext [false] with mode [null].

  .   ____          _            __ _ _
 /\\ / ___'_ __ _ _(_)_ __  __ _ \ \ \ \
( ( )\___ | '_ | '_| | '_ \/ _` | \ \ \ \
 \\/  ___)| |_)| | | | | || (_| |  ) ) ) )
  '  |____| .__|_| |_|_| |_\__, | / / / /
 =========|_|==============|___/=/_/_/_/
&amp#27;[32m :: Spring Boot :: &amp#27;[39m              &amp#27;[2m (v2.6.3)&amp#27;[0;39m

&amp#27;[2m2022-02-20 23:45:45.058&amp#27;[0;39m &amp#27;[32m INFO&amp#27;[0;39m &amp#27;[35m684&amp#27;[0;39m &amp#27;[2m---&amp#27;[0;39m &amp#27;[2m[           main]&amp#27;[0;39m &amp#27;[36mposmy.interview.boot.ApplicationTests   &amp#27;[0;39m &amp#27;[2m:&amp#27;[0;39m Starting ApplicationTests using Java 17.0.2 on DESKTOP-74JJ5AB with PID 684 (started by bello in D:\boot-rest-api-interview-master\boot-rest-api-interview-master)
&amp#27;[2m2022-02-20 23:45:45.065&amp#27;[0;39m &amp#27;[32m INFO&amp#27;[0;39m &amp#27;[35m684&amp#27;[0;39m &amp#27;[2m---&amp#27;[0;39m &amp#27;[2m[           main]&amp#27;[0;39m &amp#27;[36mposmy.interview.boot.ApplicationTests   &amp#27;[0;39m &amp#27;[2m:&amp#27;[0;39m No active profile set, falling back to default profiles: default
&amp#27;[2m2022-02-20 23:45:50.606&amp#27;[0;39m &amp#27;[32m INFO&amp#27;[0;39m &amp#27;[35m684&amp#27;[0;39m &amp#27;[2m---&amp#27;[0;39m &amp#27;[2m[           main]&amp#27;[0;39m &amp#27;[36m.s.d.r.c.RepositoryConfigurationDelegate&amp#27;[0;39m &amp#27;[2m:&amp#27;[0;39m Bootstrapping Spring Data JPA repositories in DEFAULT mode.
&amp#27;[2m2022-02-20 23:45:51.068&amp#27;[0;39m &amp#27;[32m INFO&amp#27;[0;39m &amp#27;[35m684&amp#27;[0;39m &amp#27;[2m---&amp#27;[0;39m &amp#27;[2m[           main]&amp#27;[0;39m &amp#27;[36m.s.d.r.c.RepositoryConfigurationDelegate&amp#27;[0;39m &amp#27;[2m:&amp#27;[0;39m Finished Spring Data repository scanning in 399 ms. Found 2 JPA repository interfaces.
&amp#27;[2m2022-02-20 23:45:55.933&amp#27;[0;39m &amp#27;[32m INFO&amp#27;[0;39m &amp#27;[35m684&amp#27;[0;39m &amp#27;[2m---&amp#27;[0;39m &amp#27;[2m[           main]&amp#27;[0;39m &amp#27;[36mcom.zaxxer.hikari.HikariDataSource      &amp#27;[0;39m &amp#27;[2m:&amp#27;[0;39m HikariPool-1 - Starting...
&amp#27;[2m2022-02-20 23:45:57.919&amp#27;[0;39m &amp#27;[32m INFO&amp#27;[0;39m &amp#27;[35m684&amp#27;[0;39m &amp#27;[2m---&amp#27;[0;39m &amp#27;[2m[           main]&amp#27;[0;39m &amp#27;[36mcom.zaxxer.hikari.HikariDataSource      &amp#27;[0;39m &amp#27;[2m:&amp#27;[0;39m HikariPool-1 - Start completed.
&amp#27;[2m2022-02-20 23:45:58.630&amp#27;[0;39m &amp#27;[32m INFO&amp#27;[0;39m &amp#27;[35m684&amp#27;[0;39m &amp#27;[2m---&amp#27;[0;39m &amp#27;[2m[           main]&amp#27;[0;39m &amp#27;[36mo.hibernate.jpa.internal.util.LogHelper &amp#27;[0;39m &amp#27;[2m:&amp#27;[0;39m HHH000204: Processing PersistenceUnitInfo [name: default]
&amp#27;[2m2022-02-20 23:45:59.464&amp#27;[0;39m &amp#27;[32m INFO&amp#27;[0;39m &amp#27;[35m684&amp#27;[0;39m &amp#27;[2m---&amp#27;[0;39m &amp#27;[2m[           main]&amp#27;[0;39m &amp#27;[36morg.hibernate.Version                   &amp#27;[0;39m &amp#27;[2m:&amp#27;[0;39m HHH000412: Hibernate ORM core version 5.6.4.Final
&amp#27;[2m2022-02-20 23:46:01.210&amp#27;[0;39m &amp#27;[32m INFO&amp#27;[0;39m &amp#27;[35m684&amp#27;[0;39m &amp#27;[2m---&amp#27;[0;39m &amp#27;[2m[           main]&amp#27;[0;39m &amp#27;[36mo.hibernate.annotations.common.Version  &amp#27;[0;39m &amp#27;[2m:&amp#27;[0;39m HCANN000001: Hibernate Commons Annotations {5.1.2.Final}
&amp#27;[2m2022-02-20 23:46:02.631&amp#27;[0;39m &amp#27;[32m INFO&amp#27;[0;39m &amp#27;[35m684&amp#27;[0;39m &amp#27;[2m---&amp#27;[0;39m &amp#27;[2m[           main]&amp#27;[0;39m &amp#27;[36morg.hibernate.dialect.Dialect           &amp#27;[0;39m &amp#27;[2m:&amp#27;[0;39m HHH000400: Using dialect: org.hibernate.dialect.H2Dialect
Hibernate: drop table if exists book CASCADE 
Hibernate: drop table if exists borrower CASCADE 
Hibernate: drop table if exists shopping_cart CASCADE 
Hibernate: create table book (id bigint generated by default as identity, author varchar(255), category varchar(255), isbn varchar(255), thumbnail_url varchar(255), title varchar(255), primary key (id))
Hibernate: create table borrower (id bigint generated by default as identity, email varchar(255) not null, first_name varchar(255), last_name varchar(255), phone_no varchar(255) not null, primary key (id))
Hibernate: create table shopping_cart (borrower_id bigint not null, book_id bigint not null, primary key (borrower_id, book_id))
Hibernate: alter table book add constraint UK_ehpdfjpu1jm3hijhj4mm0hx9h unique (isbn)
Hibernate: alter table book add constraint UK_2wgghktwgiha321pf060nhxvg unique (thumbnail_url)
Hibernate: alter table book add constraint UK_g0286ag1dlt4473st1ugemd0m unique (title)
Hibernate: alter table shopping_cart add constraint FK1sxgwv5nvek5hcv0or8302xge foreign key (book_id) references book
Hibernate: alter table shopping_cart add constraint FK2oramhm8prel8wsa7uxcsfcxt foreign key (borrower_id) references borrower
&amp#27;[2m2022-02-20 23:46:08.672&amp#27;[0;39m &amp#27;[32m INFO&amp#27;[0;39m &amp#27;[35m684&amp#27;[0;39m &amp#27;[2m---&amp#27;[0;39m &amp#27;[2m[           main]&amp#27;[0;39m &amp#27;[36mo.h.e.t.j.p.i.JtaPlatformInitiator      &amp#27;[0;39m &amp#27;[2m:&amp#27;[0;39m HHH000490: Using JtaPlatform implementation: [org.hibernate.engine.transaction.jta.platform.internal.NoJtaPlatform]
&amp#27;[2m2022-02-20 23:46:08.759&amp#27;[0;39m &amp#27;[32m INFO&amp#27;[0;39m &amp#27;[35m684&amp#27;[0;39m &amp#27;[2m---&amp#27;[0;39m &amp#27;[2m[           main]&amp#27;[0;39m &amp#27;[36mj.LocalContainerEntityManagerFactoryBean&amp#27;[0;39m &amp#27;[2m:&amp#27;[0;39m Initialized JPA EntityManagerFactory for persistence unit 'default'
&amp#27;[2m2022-02-20 23:46:13.940&amp#27;[0;39m &amp#27;[32m INFO&amp#27;[0;39m &amp#27;[35m684&amp#27;[0;39m &amp#27;[2m---&amp#27;[0;39m &amp#27;[2m[           main]&amp#27;[0;39m &amp#27;[36mo.s.s.web.DefaultSecurityFilterChain    &amp#27;[0;39m &amp#27;[2m:&amp#27;[0;39m Will secure any request with [org.springframework.security.web.context.request.async.WebAsyncManagerIntegrationFilter@12f20b92, org.springframework.security.web.context.SecurityContextPersistenceFilter@76721208, org.springframework.security.web.header.HeaderWriterFilter@2f879f35, org.springframework.security.web.authentication.logout.LogoutFilter@7458d7a9, org.springframework.security.web.authentication.www.BasicAuthenticationFilter@47dd7b9a, org.springframework.security.web.savedrequest.RequestCacheAwareFilter@531c30db, org.springframework.security.web.servletapi.SecurityContextHolderAwareRequestFilter@41f40b0e, org.springframework.security.web.authentication.AnonymousAuthenticationFilter@49edb6d0, org.springframework.security.web.session.SessionManagementFilter@3050363d, org.springframework.security.web.access.ExceptionTranslationFilter@20b22a4, org.springframework.security.web.access.intercept.FilterSecurityInterceptor@43c6f461]
&amp#27;[2m2022-02-20 23:46:17.257&amp#27;[0;39m &amp#27;[32m INFO&amp#27;[0;39m &amp#27;[35m684&amp#27;[0;39m &amp#27;[2m---&amp#27;[0;39m &amp#27;[2m[           main]&amp#27;[0;39m &amp#27;[36mo.s.b.a.h2.H2ConsoleAutoConfiguration   &amp#27;[0;39m &amp#27;[2m:&amp#27;[0;39m H2 console available at '/h2-console'. Database available at 'jdbc:h2:mem:testdb'
&amp#27;[2m2022-02-20 23:46:19.165&amp#27;[0;39m &amp#27;[32m INFO&amp#27;[0;39m &amp#27;[35m684&amp#27;[0;39m &amp#27;[2m---&amp#27;[0;39m &amp#27;[2m[           main]&amp#27;[0;39m &amp#27;[36mposmy.interview.boot.ApplicationTests   &amp#27;[0;39m &amp#27;[2m:&amp#27;[0;39m Started ApplicationTests in 36.618 seconds (JVM running for 49.114)
&amp#27;[2m2022-02-20 23:46:20.755&amp#27;[0;39m &amp#27;[32m INFO&amp#27;[0;39m &amp#27;[35m684&amp#27;[0;39m &amp#27;[2m---&amp#27;[0;39m &amp#27;[2m[           main]&amp#27;[0;39m &amp#27;[36mo.s.b.t.m.w.SpringBootMockServletContext&amp#27;[0;39m &amp#27;[2m:&amp#27;[0;39m Initializing Spring TestDispatcherServlet ''
&amp#27;[2m2022-02-20 23:46:20.756&amp#27;[0;39m &amp#27;[32m INFO&amp#27;[0;39m &amp#27;[35m684&amp#27;[0;39m &amp#27;[2m---&amp#27;[0;39m &amp#27;[2m[           main]&amp#27;[0;39m &amp#27;[36mo.s.t.web.servlet.TestDispatcherServlet &amp#27;[0;39m &amp#27;[2m:&amp#27;[0;39m Initializing Servlet ''
&amp#27;[2m2022-02-20 23:46:20.761&amp#27;[0;39m &amp#27;[32m INFO&amp#27;[0;39m &amp#27;[35m684&amp#27;[0;39m &amp#27;[2m---&amp#27;[0;39m &amp#27;[2m[           main]&amp#27;[0;39m &amp#27;[36mo.s.t.web.servlet.TestDispatcherServlet &amp#27;[0;39m &amp#27;[2m:&amp#27;[0;39m Completed initialization in 5 ms
]]></system-out>
  </testcase>
</testsuite>